{"/mnt/shared/drive-personal/Documents/Programming/foundryvtt-over-my-head/src/contexts/contextHelpers/contextInitializer.js": {"path":"/mnt/shared/drive-personal/Documents/Programming/foundryvtt-over-my-head/src/contexts/contextHelpers/contextInitializer.js","statementMap":{"0":{"start":{"line":3,"column":8},"end":{"line":10,"column":9}},"1":{"start":{"line":4,"column":12},"end":{"line":9,"column":13}},"2":{"start":{"line":5,"column":16},"end":{"line":5,"column":47}},"3":{"start":{"line":7,"column":16},"end":{"line":7,"column":86}},"4":{"start":{"line":8,"column":16},"end":{"line":8,"column":27}},"5":{"start":{"line":11,"column":8},"end":{"line":15,"column":10}},"6":{"start":{"line":19,"column":8},"end":{"line":21,"column":9}},"7":{"start":{"line":20,"column":12},"end":{"line":20,"column":22}},"8":{"start":{"line":22,"column":8},"end":{"line":24,"column":9}},"9":{"start":{"line":23,"column":12},"end":{"line":23,"column":27}},"10":{"start":{"line":25,"column":8},"end":{"line":25,"column":30}},"11":{"start":{"line":26,"column":8},"end":{"line":26,"column":44}},"12":{"start":{"line":30,"column":8},"end":{"line":32,"column":9}},"13":{"start":{"line":31,"column":12},"end":{"line":31,"column":23}},"14":{"start":{"line":33,"column":8},"end":{"line":35,"column":9}},"15":{"start":{"line":34,"column":12},"end":{"line":34,"column":27}},"16":{"start":{"line":36,"column":8},"end":{"line":36,"column":32}},"17":{"start":{"line":37,"column":8},"end":{"line":37,"column":44}}},"fnMap":{"0":{"name":"(anonymous_0)","decl":{"start":{"line":2,"column":4},"end":{"line":2,"column":5}},"loc":{"start":{"line":2,"column":41},"end":{"line":16,"column":5}},"line":2},"1":{"name":"(anonymous_1)","decl":{"start":{"line":18,"column":4},"end":{"line":18,"column":5}},"loc":{"start":{"line":18,"column":37},"end":{"line":27,"column":5}},"line":18},"2":{"name":"(anonymous_2)","decl":{"start":{"line":29,"column":4},"end":{"line":29,"column":5}},"loc":{"start":{"line":29,"column":39},"end":{"line":38,"column":5}},"line":29}},"branchMap":{"0":{"loc":{"start":{"line":3,"column":8},"end":{"line":10,"column":9}},"type":"if","locations":[{"start":{"line":3,"column":8},"end":{"line":10,"column":9}},{"start":{},"end":{}}],"line":3},"1":{"loc":{"start":{"line":3,"column":12},"end":{"line":3,"column":55}},"type":"binary-expr","locations":[{"start":{"line":3,"column":12},"end":{"line":3,"column":37}},{"start":{"line":3,"column":41},"end":{"line":3,"column":55}}],"line":3},"2":{"loc":{"start":{"line":4,"column":12},"end":{"line":9,"column":13}},"type":"if","locations":[{"start":{"line":4,"column":12},"end":{"line":9,"column":13}},{"start":{"line":6,"column":19},"end":{"line":9,"column":13}}],"line":4},"3":{"loc":{"start":{"line":4,"column":16},"end":{"line":4,"column":53}},"type":"binary-expr","locations":[{"start":{"line":4,"column":16},"end":{"line":4,"column":30}},{"start":{"line":4,"column":34},"end":{"line":4,"column":53}}],"line":4},"4":{"loc":{"start":{"line":5,"column":24},"end":{"line":5,"column":46}},"type":"binary-expr","locations":[{"start":{"line":5,"column":24},"end":{"line":5,"column":40}},{"start":{"line":5,"column":44},"end":{"line":5,"column":46}}],"line":5},"5":{"loc":{"start":{"line":19,"column":8},"end":{"line":21,"column":9}},"type":"if","locations":[{"start":{"line":19,"column":8},"end":{"line":21,"column":9}},{"start":{},"end":{}}],"line":19},"6":{"loc":{"start":{"line":19,"column":12},"end":{"line":19,"column":53}},"type":"binary-expr","locations":[{"start":{"line":19,"column":12},"end":{"line":19,"column":36}},{"start":{"line":19,"column":40},"end":{"line":19,"column":53}}],"line":19},"7":{"loc":{"start":{"line":22,"column":8},"end":{"line":24,"column":9}},"type":"if","locations":[{"start":{"line":22,"column":8},"end":{"line":24,"column":9}},{"start":{},"end":{}}],"line":22},"8":{"loc":{"start":{"line":30,"column":8},"end":{"line":32,"column":9}},"type":"if","locations":[{"start":{"line":30,"column":8},"end":{"line":32,"column":9}},{"start":{},"end":{}}],"line":30},"9":{"loc":{"start":{"line":30,"column":12},"end":{"line":30,"column":55}},"type":"binary-expr","locations":[{"start":{"line":30,"column":12},"end":{"line":30,"column":37}},{"start":{"line":30,"column":41},"end":{"line":30,"column":55}}],"line":30},"10":{"loc":{"start":{"line":33,"column":8},"end":{"line":35,"column":9}},"type":"if","locations":[{"start":{"line":33,"column":8},"end":{"line":35,"column":9}},{"start":{},"end":{}}],"line":33}},"s":{"0":7,"1":6,"2":5,"3":1,"4":1,"5":7,"6":6,"7":5,"8":6,"9":1,"10":6,"11":6,"12":6,"13":5,"14":6,"15":1,"16":6,"17":6},"f":{"0":7,"1":6,"2":6},"b":{"0":[6,1],"1":[7,3],"2":[5,1],"3":[6,4],"4":[5,2],"5":[5,1],"6":[6,2],"7":[1,5],"8":[5,1],"9":[6,2],"10":[1,5]},"_coverageSchema":"1a1c01bbd47fc00a2c39e90264f33305004495a9","hash":"5ab4e597a1a76cf402d36ece1800311732bd50b2"}
}
