TN:
SF:src/contexts/contextHelpers/contextInitializer.js
FN:2,(anonymous_0)
FN:18,(anonymous_1)
FN:29,(anonymous_2)
FNF:3
FNH:3
FNDA:7,(anonymous_0)
FNDA:6,(anonymous_1)
FNDA:6,(anonymous_2)
DA:3,7
DA:4,6
DA:5,5
DA:7,1
DA:8,1
DA:11,7
DA:19,6
DA:20,5
DA:22,6
DA:23,1
DA:25,6
DA:26,6
DA:30,6
DA:31,5
DA:33,6
DA:34,1
DA:36,6
DA:37,6
LF:18
LH:18
BRDA:3,0,0,6
BRDA:3,0,1,1
BRDA:3,1,0,7
BRDA:3,1,1,3
BRDA:4,2,0,5
BRDA:4,2,1,1
BRDA:4,3,0,6
BRDA:4,3,1,4
BRDA:5,4,0,5
BRDA:5,4,1,2
BRDA:19,5,0,5
BRDA:19,5,1,1
BRDA:19,6,0,6
BRDA:19,6,1,2
BRDA:22,7,0,1
BRDA:22,7,1,5
BRDA:30,8,0,5
BRDA:30,8,1,1
BRDA:30,9,0,6
BRDA:30,9,1,2
BRDA:33,10,0,1
BRDA:33,10,1,5
BRF:22
BRH:22
end_of_record
